<?xml version="1.0" encoding="UTF-8"?>
<!-- Generated by org.testng.reporters.JUnitXMLReporter -->
<testsuite ignored="1" hostname="RADHE" failures="0" tests="5" name="Test" time="0.068" errors="0" timestamp="2025-01-16T06:46:58 IST">
  <testcase classname="test.Day1" name="Demo" time="0.006"/>
  <testcase classname="test.Day2" name="Demo" time="0.001"/>
  <testcase classname="test.Day4" name="LoginAPIHomeLoan" time="0.002"/>
  <testcase classname="test.Day4" name="MobileLoginHomeLoan" time="0.001"/>
  <testcase classname="test.Day4" name="WebLoginHomeloan" time="0.002"/>
  <testcase classname="test.Day1" name="SecondTest" time="0.0">
    <ignored/>
  </testcase> <!-- SecondTest -->
</testsuite> <!-- Test -->
