<?xml version="1.0" encoding="UTF-8"?>
<!-- Generated by org.testng.reporters.JUnitXMLReporter -->
<testsuite ignored="3" hostname="RADHE" failures="0" tests="3" name="Car loan" time="0.025" errors="0" timestamp="2025-01-16T06:46:58 IST">
  <testcase classname="test.Day3" name="LoginAPIcarLoan" time="0.002"/>
  <testcase classname="test.Day3" name="WebLoginCarloan" time="0.001"/>
  <testcase classname="test.Day3" name="APIcarloan" time="0.002"/>
  <testcase classname="test.Day3" name="MobilesignoutcarLoan" time="0.0">
    <ignored/>
  </testcase> <!-- MobilesignoutcarLoan -->
  <testcase classname="test.Day3" name="MobileLogincarLoan" time="0.0">
    <ignored/>
  </testcase> <!-- MobileLogincarLoan -->
  <testcase classname="test.Day3" name="MobilesignincarLoan" time="0.0">
    <ignored/>
  </testcase> <!-- MobilesignincarLoan -->
</testsuite> <!-- Car loan -->
