<?xml version="1.0" encoding="UTF-8"?>
<!-- Generated by org.testng.reporters.JUnitXMLReporter -->
<testsuite ignored="8" hostname="RADHE" failures="0" tests="3" name="Regression" time="0.075" errors="0" timestamp="2025-01-15T20:43:43 IST">
  <testcase classname="test.Day2" name="Demo" time="0.01"/>
  <testcase classname="test.Day3" name="MobileLogincarLoan" time="0.001"/>
  <testcase classname="test.Day4" name="MobileLoginHomeLoan" time="0.001"/>
  <testcase classname="test.Day3" name="LoginAPIcarLoan" time="0.0">
    <ignored/>
  </testcase> <!-- LoginAPIcarLoan -->
  <testcase classname="test.Day1" name="SecondTest" time="0.0">
    <ignored/>
  </testcase> <!-- SecondTest -->
  <testcase classname="test.Day1" name="Demo" time="0.0">
    <ignored/>
  </testcase> <!-- Demo -->
  <testcase classname="test.Day3" name="MobilesignincarLoan" time="0.0">
    <ignored/>
  </testcase> <!-- MobilesignincarLoan -->
  <testcase classname="test.Day4" name="LoginAPIHomeLoan" time="0.0">
    <ignored/>
  </testcase> <!-- LoginAPIHomeLoan -->
  <testcase classname="test.Day4" name="WebLoginHomeloan" time="0.0">
    <ignored/>
  </testcase> <!-- WebLoginHomeloan -->
  <testcase classname="test.Day3" name="MobilesignoutcarLoan" time="0.0">
    <ignored/>
  </testcase> <!-- MobilesignoutcarLoan -->
  <testcase classname="test.Day3" name="WebLoginCarloan" time="0.0">
    <ignored/>
  </testcase> <!-- WebLoginCarloan -->
</testsuite> <!-- Regression -->
