<?xml version="1.0" encoding="UTF-8"?>
<!-- Generated by org.testng.reporters.JUnitXMLReporter -->
<testsuite ignored="1" hostname="RADHE" failures="0" tests="1" name="Error Validations Test" time="0.114" errors="0" timestamp="2025-01-27T07:50:44 IST">
  <testcase classname="abhishekpateriya.SeleniumFrameworkDesign.ErrorValidationsTest" name="LoginErrorValidation" time="0.0">
    <skipped/>
  </testcase> <!-- LoginErrorValidation -->
  <testcase classname="abhishekpateriya.SeleniumFrameworkDesign.ErrorValidationsTest" name="ProductErrorValidation" time="0.0">
    <ignored/>
  </testcase> <!-- ProductErrorValidation -->
</testsuite> <!-- Error Validations Test -->
